Using pre-set license
Built from '2020.3/staging' branch; Version is '2020.3.6f1 (338bb68529b2) revision 3378102'; Using compiler version '192528614'; Build Type 'Release'
OS: 'Windows 10 Pro; OS build 19042.1526; Version 2009; 64bit' Language: 'es' Physical Memory: 3999 MB
BatchMode: 1, IsHumanControllingUs: 0, StartBugReporterOnCrash: 0, Is64bit: 1, IsPro: 0

 COMMAND LINE ARGUMENTS:
C:\Program Files\Unity\Hub\Editor\2020.3.6f1\Editor\Unity.exe
-adb2
-batchMode
-noUpm
-name
AssetImportWorker0
-projectPath
C:/Users/Bryan Martinez/Desktop/GitHub/Curso-Unity-2020/002_Prototipado
-logFile
Logs/AssetImportWorker0.log
-srvPort
65001
Successfully changed project path to: C:/Users/Bryan Martinez/Desktop/GitHub/Curso-Unity-2020/002_Prototipado
C:/Users/Bryan Martinez/Desktop/GitHub/Curso-Unity-2020/002_Prototipado
Using Asset Import Pipeline V2.
Refreshing native plugins compatible for Editor in 6308.81 ms, found 1 plugins.
Preloading 0 native plugins for Editor in 0.00 ms.
Initialize engine version: 2020.3.6f1 (338bb68529b2)
[Subsystems] Discovering subsystems at path C:/Program Files/Unity/Hub/Editor/2020.3.6f1/Editor/Data/Resources/UnitySubsystems
[Subsystems] Discovering subsystems at path C:/Users/Bryan Martinez/Desktop/GitHub/Curso-Unity-2020/002_Prototipado/Assets
GfxDevice: creating device client; threaded=0
Direct3D:
    Version:  Direct3D 11.0 [level 11.1]
    Renderer: Intel(R) HD Graphics 530 (ID=0x1912)
    Vendor:   
    VRAM:     1999 MB
    Driver:   27.20.100.8681
