Using pre-set license
Built from '2020.3/staging' branch; Version is '2020.3.22f1 (e1a7f79fd887) revision 14788599'; Using compiler version '192528614'; Build Type 'Release'
OS: 'Windows 10 Pro; OS build 19042.1586; Version 2009; 64bit' Language: 'es' Physical Memory: 3999 MB
BatchMode: 1, IsHumanControllingUs: 0, StartBugReporterOnCrash: 0, Is64bit: 1, IsPro: 0

COMMAND LINE ARGUMENTS:
C:\Program Files\Unity\Hub\Editor\2020.3.22f1\Editor\Unity.exe
-adb2
-batchMode
-noUpm
-name
AssetImportWorker7
-projectPath
C:/Users/Bryan Martinez/Desktop/GitHub/Curso-Unity-2020/John Lemon
-logFile
Logs/AssetImportWorker7.log
-srvPort
51802
Successfully changed project path to: C:/Users/Bryan Martinez/Desktop/GitHub/Curso-Unity-2020/John Lemon
C:/Users/Bryan Martinez/Desktop/GitHub/Curso-Unity-2020/John Lemon
Using Asset Import Pipeline V2.
Refreshing native plugins compatible for Editor in 90.81 ms, found 2 plugins.
Preloading 0 native plugins for Editor in 0.00 ms.
Initialize engine version: 2020.3.22f1 (e1a7f79fd887)
[Subsystems] Discovering subsystems at path C:/Program Files/Unity/Hub/Editor/2020.3.22f1/Editor/Data/Resources/UnitySubsystems
[Subsystems] Discovering subsystems at path C:/Users/Bryan Martinez/Desktop/GitHub/Curso-Unity-2020/John Lemon/Assets
GfxDevice: creating device client; threaded=0
Direct3D:
    Version:  Direct3D 11.0 [level 11.1]
    Renderer: Intel(R) HD Graphics 530 (ID=0x1912)
    Vendor:   
    VRAM:     1999 MB
    Driver:   27.20.100.8681
Initialize mono
Mono path[0] = 'C:/Program Files/Unity/Hub/Editor/2020.3.22f1/Editor/Data/Managed'
Mono path[1] = 'C:/Program Files/Unity/Hub/Editor/2020.3.22f1/Editor/Data/MonoBleedingEdge/lib/mono/unityjit'
Mono config path = 'C:/Program Files/Unity/Hub/Editor/2020.3.22f1/Editor/Data/MonoBleedingEdge/etc'
Using monoOptions --debugger-agent=transport=dt_socket,embedding=1,server=y,suspend=n,address=127.0.0.1:56744
Begin MonoManager ReloadAssembly
Registering precompiled unity dll's ...
Register platform support module: C:/Program Files/Unity/Hub/Editor/2020.3.22f1/Editor/Data/PlaybackEngines/WindowsStandaloneSupport/UnityEditor.WindowsStandalone.Extensions.dll
Registered in 0.001926 seconds.
Native extension for WindowsStandalone target not found
Refreshing native plugins compatible for Editor in 70.85 ms, found 2 plugins.
Preloading 0 native plugins for Editor in 0.00 ms.
Mono: successfully reloaded assembly
- Completed reload, in  1.155 seconds
Domain Reload Profiling:
	ReloadAssembly (1156ms)
		BeginReloadAssembly (61ms)
			ExecutionOrderSort (0ms)
			DisableScriptedObjects (0ms)
			BackupInstance (0ms)
			ReleaseScriptingObjects (0ms)
			CreateAndSetChildDomain (1ms)
		EndReloadAssembly (480ms)
			LoadAssemblies (59ms)
			RebuildTransferFunctionScriptingTraits (0ms)
			SetupTypeCache (156ms)
			ReleaseScriptCaches (0ms)
			RebuildScriptCaches (33ms)
			SetupLoadedEditorAssemblies (192ms)
				LogAssemblyErrors (0ms)
				InitializePlatformSupportModulesInManaged (5ms)
				SetLoadedEditorAssemblies (0ms)
				RefreshPlugins (71ms)
				BeforeProcessingInitializeOnLoad (7ms)
				ProcessInitializeOnLoadAttributes (80ms)
				ProcessInitializeOnLoadMethodAttributes (29ms)
				AfterProcessingInitializeOnLoad (0ms)
				EditorAssembliesLoaded (0ms)
			ExecutionOrderSort2 (0ms)
			AwakeInstancesAfterBackupRestoration (0ms)
Platform modules already initialized, skipping
Registering precompiled user dll's ...
Registered in 0.029110 seconds.
Begin MonoManager ReloadAssembly
Native extension for WindowsStandalone target not found
Refreshing native plugins compatible for Editor in 110.57 ms, found 2 plugins.
Preloading 0 native plugins for Editor in 0.00 ms.
Mono: successfully reloaded assembly
- Completed reload, in  4.532 seconds
Domain Reload Profiling:
	ReloadAssembly (4588ms)
		BeginReloadAssembly (202ms)
			ExecutionOrderSort (0ms)
			DisableScriptedObjects (4ms)
			BackupInstance (0ms)
			ReleaseScriptingObjects (0ms)
			CreateAndSetChildDomain (50ms)
		EndReloadAssembly (4320ms)
			LoadAssemblies (1830ms)
			RebuildTransferFunctionScriptingTraits (0ms)
			SetupTypeCache (844ms)
			ReleaseScriptCaches (1ms)
			RebuildScriptCaches (57ms)
			SetupLoadedEditorAssemblies (1393ms)
				LogAssemblyErrors (0ms)
				InitializePlatformSupportModulesInManaged (4ms)
				SetLoadedEditorAssemblies (0ms)
				RefreshPlugins (111ms)
				BeforeProcessingInitializeOnLoad (95ms)
				ProcessInitializeOnLoadAttributes (966ms)
				ProcessInitializeOnLoadMethodAttributes (204ms)
				AfterProcessingInitializeOnLoad (14ms)
				EditorAssembliesLoaded (0ms)
			ExecutionOrderSort2 (0ms)
			AwakeInstancesAfterBackupRestoration (6ms)
Platform modules already initialized, skipping
========================================================================
Worker process is ready to serve import requests
Launched and connected shader compiler UnityShaderCompiler.exe after 1.15 seconds
Refreshing native plugins compatible for Editor in 0.74 ms, found 2 plugins.
Preloading 0 native plugins for Editor in 0.00 ms.
Unloading 3304 Unused Serialized files (Serialized files now loaded: 0)
System memory in use before: 221.2 MB.
System memory in use after: 221.4 MB.

Unloading 46 unused Assets to reduce memory usage. Loaded Objects now: 3729.
Total: 121.632600 ms (FindLiveObjects: 0.356600 ms CreateObjectMapping: 0.201400 ms MarkObjects: 120.724300 ms  DeleteObjects: 0.343000 ms)

AssetImportParameters requested are different than current active one (requested -> active):
  custom:framework-win-MediaFoundation: 216162199b28c13a410421893ffa2e32 -> 
  custom:video-decoder-ogg-theora: a1e56fd34408186e4bbccfd4996cb3dc -> 
  custom:container-muxer-webm: aa71ff27fc2769a1b78a27578f13a17b -> 
  custom:container-demuxer-webm: 4f35f7cbe854078d1ac9338744f61a02 -> 
  custom:container-demuxer-ogg: 62fdf1f143b41e24485cea50d1cbac27 -> 
  custom:video-encoder-webm-vp8: eb34c28f22e8b96e1ab97ce403110664 -> 
  custom:video-decoder-webm-vp8: 9c59270c3fd7afecdb556c50c9e8de78 -> 
  custom:audio-decoder-ogg-vorbis: bf7c407c2cedff20999df2af8eb42d56 -> 
  custom:audio-encoder-webm-vorbis: bf7c407c2cedff20999df2af8eb42d56 -> 
========================================================================
Received Import Request.
  path: Assets/Shaders/URP/Movile URP.asset
  artifactKey: Guid(55a113fbd5768df489f5106f8138adb7) Importer(815301076,1909f56bfc062723c751e8b465ee728b)
Start importing Assets/Shaders/URP/Movile URP.asset using Guid(55a113fbd5768df489f5106f8138adb7) Importer(815301076,1909f56bfc062723c751e8b465ee728b)  -> (artifact id: '434eea3a3d2ce56ad7d94a24de0815f7') in 0.602664 seconds 
  Import took 0.700093 seconds .

========================================================================
Received Import Request.
  Time since last request: 0.000423 seconds.
  path: Assets/Shaders/URP
  artifactKey: Guid(1ed805e2d3e782641824f2aad697af9d) Importer(815301076,1909f56bfc062723c751e8b465ee728b)
Start importing Assets/Shaders/URP using Guid(1ed805e2d3e782641824f2aad697af9d) Importer(815301076,1909f56bfc062723c751e8b465ee728b)  -> (artifact id: 'fe5599adc0cfa3a8080f66756c47fc02') in 0.112964 seconds 
  Import took 0.144063 seconds .

========================================================================
Received Import Request.
  Time since last request: 0.000474 seconds.
  path: Assets/Shaders/Ghost Shader.shadergraph
  artifactKey: Guid(725e1f2bea8bac64793881fe5b5ef15f) Importer(815301076,1909f56bfc062723c751e8b465ee728b)
Start importing Assets/Shaders/Ghost Shader.shadergraph using Guid(725e1f2bea8bac64793881fe5b5ef15f) Importer(815301076,1909f56bfc062723c751e8b465ee728b)  -> (artifact id: '8ae4392fa3884087a225af7cfd891a18') in 0.064905 seconds 
  Import took 0.122628 seconds .

========================================================================
Received Import Request.
  Time since last request: 0.000614 seconds.
  path: Assets/Shaders/URP/Movile URP_Renderer.asset
  artifactKey: Guid(0e44a1c62745a3e4fbee1b90d10a5cb5) Importer(815301076,1909f56bfc062723c751e8b465ee728b)
Start importing Assets/Shaders/URP/Movile URP_Renderer.asset using Guid(0e44a1c62745a3e4fbee1b90d10a5cb5) Importer(815301076,1909f56bfc062723c751e8b465ee728b)  -> (artifact id: '6be432b98514af920cfec7bcfebe7e95') in 0.121900 seconds 
  Import took 0.160307 seconds .

========================================================================
Received Import Request.
  Time since last request: 71.685385 seconds.
  path: Assets/Models/Bathroom/BathTub.fbx
  artifactKey: Guid(450fb73028c576343ae0321cd675ac52) Importer(815301076,1909f56bfc062723c751e8b465ee728b)
Start importing Assets/Models/Bathroom/BathTub.fbx using Guid(450fb73028c576343ae0321cd675ac52) Importer(815301076,1909f56bfc062723c751e8b465ee728b)  -> (artifact id: '291bab6b9a4bb8e04cd622e3a8d60727') in 5.572641 seconds 
  Import took 5.663991 seconds .

========================================================================
Received Import Request.
  Time since last request: 0.000512 seconds.
  path: Assets/Models/Corridor/PictureFrame_Wolf.FBX
  artifactKey: Guid(16359bd0c00e50e4580e93430782bac3) Importer(815301076,1909f56bfc062723c751e8b465ee728b)
Start importing Assets/Models/Corridor/PictureFrame_Wolf.FBX using Guid(16359bd0c00e50e4580e93430782bac3) Importer(815301076,1909f56bfc062723c751e8b465ee728b)  -> (artifact id: '1b2c16418ee1282d24563f97617acaae') in 0.969009 seconds 
  Import took 0.996421 seconds .

========================================================================
Received Import Request.
  Time since last request: 0.000329 seconds.
  path: Assets/Animation/Animation/Gargoyle@Idle.fbx
  artifactKey: Guid(475d389e70692ca4abb09caca1aef9ae) Importer(815301076,1909f56bfc062723c751e8b465ee728b)
Start importing Assets/Animation/Animation/Gargoyle@Idle.fbx using Guid(475d389e70692ca4abb09caca1aef9ae) Importer(815301076,1909f56bfc062723c751e8b465ee728b)  -> (artifact id: '08b208838a366584bf0117b6326b4c22') in 1.362757 seconds 
  Import took 1.509456 seconds .

========================================================================
Received Import Request.
  Time since last request: 0.000606 seconds.
  path: Assets/Models/Corridor/CeilingPlane.fbx
  artifactKey: Guid(4aa23393587d7204bbc9f4a30599bf61) Importer(815301076,1909f56bfc062723c751e8b465ee728b)
Start importing Assets/Models/Corridor/CeilingPlane.fbx using Guid(4aa23393587d7204bbc9f4a30599bf61) Importer(815301076,1909f56bfc062723c751e8b465ee728b)  -> (artifact id: '325c5db5c963a4d74a0f603a873e5c55') in 3.308507 seconds 
  Import took 3.465868 seconds .

========================================================================
Received Import Request.
  Time since last request: 0.000501 seconds.
  path: Assets/Animation/Animation/John@Idle.fbx
  artifactKey: Guid(873202b19b03a8a4e976f0b15d21cd24) Importer(815301076,1909f56bfc062723c751e8b465ee728b)
Start importing Assets/Animation/Animation/John@Idle.fbx using Guid(873202b19b03a8a4e976f0b15d21cd24) Importer(815301076,1909f56bfc062723c751e8b465ee728b)  -> (artifact id: '6fcf642af45e0e794fba16d4e7318eba') in 0.383590 seconds 
  Import took 0.431008 seconds .

========================================================================
Received Import Request.
  Time since last request: 0.001235 seconds.
  path: Assets/Models/Diningroom/Chair_01.FBX
  artifactKey: Guid(636ef07689e5cb94db6f568e6cb15df1) Importer(815301076,1909f56bfc062723c751e8b465ee728b)
Start importing Assets/Models/Diningroom/Chair_01.FBX using Guid(636ef07689e5cb94db6f568e6cb15df1) Importer(815301076,1909f56bfc062723c751e8b465ee728b)  -> (artifact id: 'b629c65487c5e5e8286dfe41c3c134ec') in 0.513464 seconds 
  Import took 0.558004 seconds .

========================================================================
Received Import Request.
  Time since last request: 0.000378 seconds.
  path: Assets/Models/Diningroom/Fireplace.FBX
  artifactKey: Guid(03955b9ce72ce6243ad7d5a4237f995d) Importer(815301076,1909f56bfc062723c751e8b465ee728b)
Start importing Assets/Models/Diningroom/Fireplace.FBX using Guid(03955b9ce72ce6243ad7d5a4237f995d) Importer(815301076,1909f56bfc062723c751e8b465ee728b)  -> (artifact id: '18f5cbdb030db2839b064042a52488d3') in 0.577134 seconds 
  Import took 0.637978 seconds .

========================================================================
Received Import Request.
  Time since last request: 0.000712 seconds.
  path: Assets/Models/Corridor/Wall_Corner_Interior.fbx
  artifactKey: Guid(9da5aa368549f3e4883e3ca4b3ed05b8) Importer(815301076,1909f56bfc062723c751e8b465ee728b)
Start importing Assets/Models/Corridor/Wall_Corner_Interior.fbx using Guid(9da5aa368549f3e4883e3ca4b3ed05b8) Importer(815301076,1909f56bfc062723c751e8b465ee728b)  -> (artifact id: '8e5de6a8103c47db7af6a9625a0b0ad8') in 0.429417 seconds 
  Import took 0.496153 seconds .

========================================================================
Received Import Request.
  Time since last request: 0.000457 seconds.
  path: Assets/Models/Corridor/PictureFrame_GhostMan.FBX
  artifactKey: Guid(ff679918594d2cb44996e920ec16ca62) Importer(815301076,1909f56bfc062723c751e8b465ee728b)
Start importing Assets/Models/Corridor/PictureFrame_GhostMan.FBX using Guid(ff679918594d2cb44996e920ec16ca62) Importer(815301076,1909f56bfc062723c751e8b465ee728b)  -> (artifact id: '43edafd358cf7de4302104f93c1401b0') in 0.155790 seconds 
  Import took 0.182869 seconds .

========================================================================
Received Import Request.
  Time since last request: 0.000289 seconds.
  path: Assets/Models/Bathroom/Mirror.fbx
  artifactKey: Guid(c0a26f31b736dae4a8f2591c0eda0980) Importer(815301076,1909f56bfc062723c751e8b465ee728b)
Start importing Assets/Models/Bathroom/Mirror.fbx using Guid(c0a26f31b736dae4a8f2591c0eda0980) Importer(815301076,1909f56bfc062723c751e8b465ee728b)  -> (artifact id: '9807659d6e54a92465d655b4de5e14e2') in 1.165978 seconds 
  Import took 1.207654 seconds .

========================================================================
Received Import Request.
  Time since last request: 0.000323 seconds.
  path: Assets/Models/VFX/DropSplash.fbx
  artifactKey: Guid(e6c27adf3e47c024da4e786f5898c785) Importer(815301076,1909f56bfc062723c751e8b465ee728b)
Start importing Assets/Models/VFX/DropSplash.fbx using Guid(e6c27adf3e47c024da4e786f5898c785) Importer(815301076,1909f56bfc062723c751e8b465ee728b)  -> (artifact id: 'cc635592e5617c7bc9ba4eb6de7c4546') in 0.190217 seconds 
  Import took 0.265074 seconds .

========================================================================
Received Import Request.
  Time since last request: 0.000283 seconds.
  path: Assets/Models/Diningroom/CandleStick.FBX
  artifactKey: Guid(e22a5b6ca349db446bb2a6d28267d80b) Importer(815301076,1909f56bfc062723c751e8b465ee728b)
Start importing Assets/Models/Diningroom/CandleStick.FBX using Guid(e22a5b6ca349db446bb2a6d28267d80b) Importer(815301076,1909f56bfc062723c751e8b465ee728b)  -> (artifact id: 'f33c7cef7055cfdd36e1069cce3c379f') in 0.503727 seconds 
  Import took 0.551101 seconds .

========================================================================
Received Import Request.
  Time since last request: 0.000354 seconds.
  path: Assets/Models/Corridor/Wall_Corner_Exterior_In.fbx
  artifactKey: Guid(ce7c02c9dadf6a6469afbcc32ab786ca) Importer(815301076,1909f56bfc062723c751e8b465ee728b)
Start importing Assets/Models/Corridor/Wall_Corner_Exterior_In.fbx using Guid(ce7c02c9dadf6a6469afbcc32ab786ca) Importer(815301076,1909f56bfc062723c751e8b465ee728b)  -> (artifact id: '31d08a1bbbbd4bd4a2e6b40d71bef191') in 0.126943 seconds 
  Import took 0.134750 seconds .

========================================================================
Received Import Request.
  Time since last request: 0.000303 seconds.
  path: Assets/Models/Diningroom/Table.FBX
  artifactKey: Guid(2c74f046c01bd7e4591c2e4e2567ca46) Importer(815301076,1909f56bfc062723c751e8b465ee728b)
Start importing Assets/Models/Diningroom/Table.FBX using Guid(2c74f046c01bd7e4591c2e4e2567ca46) Importer(815301076,1909f56bfc062723c751e8b465ee728b)  -> (artifact id: '280175a5d647df4c54451befe31d22c8') in 0.473625 seconds 
  Import took 0.501577 seconds .

========================================================================
Received Import Request.
  Time since last request: 0.000448 seconds.
  path: Assets/Models/Diningroom/Floor_Diningroom.fbx
  artifactKey: Guid(698328cb89c262d47803daf585012ed8) Importer(815301076,1909f56bfc062723c751e8b465ee728b)
Start importing Assets/Models/Diningroom/Floor_Diningroom.fbx using Guid(698328cb89c262d47803daf585012ed8) Importer(815301076,1909f56bfc062723c751e8b465ee728b)  -> (artifact id: 'b05eac78a9c98556aab9321b30d15c59') in 0.150204 seconds 
  Import took 0.196105 seconds .

========================================================================
Received Import Request.
  Time since last request: 0.000512 seconds.
  path: Assets/Models/Corridor/Wall_Straight_Exterior_03.fbx
  artifactKey: Guid(c11d870118a768c4e9205040e2d8503b) Importer(815301076,1909f56bfc062723c751e8b465ee728b)
Start importing Assets/Models/Corridor/Wall_Straight_Exterior_03.fbx using Guid(c11d870118a768c4e9205040e2d8503b) Importer(815301076,1909f56bfc062723c751e8b465ee728b)  -> (artifact id: '48d86dcdb0c5387a186a71f924d20fa8') in 0.133133 seconds 
  Import took 0.198195 seconds .

========================================================================
Received Import Request.
  Time since last request: 0.000472 seconds.
  path: Assets/Models/Corridor/Wall_Corner_Exterior_Out.fbx
  artifactKey: Guid(8a4dc94854ea93147b8b87b7df72a8c1) Importer(815301076,1909f56bfc062723c751e8b465ee728b)
Start importing Assets/Models/Corridor/Wall_Corner_Exterior_Out.fbx using Guid(8a4dc94854ea93147b8b87b7df72a8c1) Importer(815301076,1909f56bfc062723c751e8b465ee728b)  -> (artifact id: '0acb30c9510200f5815eb4e29f93b3e7') in 0.119026 seconds 
  Import took 0.156950 seconds .

========================================================================
Received Import Request.
  Time since last request: 0.000441 seconds.
  path: Assets/Models/Corridor/Wall_Straight_Exterior_02.fbx
  artifactKey: Guid(6a0625cedbf7c6c4c8b9c31e537a9403) Importer(815301076,1909f56bfc062723c751e8b465ee728b)
Start importing Assets/Models/Corridor/Wall_Straight_Exterior_02.fbx using Guid(6a0625cedbf7c6c4c8b9c31e537a9403) Importer(815301076,1909f56bfc062723c751e8b465ee728b)  -> (artifact id: 'e2bfc8a7d7c8daf8d648b4a1b26850a4') in 0.120759 seconds 
  Import took 0.158481 seconds .

========================================================================
Received Import Request.
  Time since last request: 0.000387 seconds.
  path: Assets/Models/Bathroom/Pipe.fbx
  artifactKey: Guid(47e2eca61228faf488b365896acb3218) Importer(815301076,1909f56bfc062723c751e8b465ee728b)
Start importing Assets/Models/Bathroom/Pipe.fbx using Guid(47e2eca61228faf488b365896acb3218) Importer(815301076,1909f56bfc062723c751e8b465ee728b)  -> (artifact id: 'f28c00b162a647eb56ea94b016bb172b') in 0.417504 seconds 
  Import took 0.518732 seconds .

========================================================================
Received Import Request.
  Time since last request: 0.000463 seconds.
  path: Assets/Animation/Animation/Ghost@Shower.fbx
  artifactKey: Guid(4c7b6999390a2c24498d13e4084b200f) Importer(815301076,1909f56bfc062723c751e8b465ee728b)
Start importing Assets/Animation/Animation/Ghost@Shower.fbx using Guid(4c7b6999390a2c24498d13e4084b200f) Importer(815301076,1909f56bfc062723c751e8b465ee728b)  -> (artifact id: '9b9bed56e9adfc94270f8da0096bd399') in 0.107575 seconds 
  Import took 0.136067 seconds .

========================================================================
Received Import Request.
  Time since last request: 0.000315 seconds.
  path: Assets/Models/Bathroom/Radiator.fbx
  artifactKey: Guid(19e3879d616ebf74bbfa7790d48acfad) Importer(815301076,1909f56bfc062723c751e8b465ee728b)
Start importing Assets/Models/Bathroom/Radiator.fbx using Guid(19e3879d616ebf74bbfa7790d48acfad) Importer(815301076,1909f56bfc062723c751e8b465ee728b)  -> (artifact id: '3ee57eb051422dd93dcbf7f559cb51e3') in 0.371654 seconds 
  Import took 0.409176 seconds .

========================================================================
Received Import Request.
  Time since last request: 0.000422 seconds.
  path: Assets/Models/Diningroom/Monster_Lamp.fbx
  artifactKey: Guid(a6cb4aad363f3fb419fd659b5facc519) Importer(815301076,1909f56bfc062723c751e8b465ee728b)
Start importing Assets/Models/Diningroom/Monster_Lamp.fbx using Guid(a6cb4aad363f3fb419fd659b5facc519) Importer(815301076,1909f56bfc062723c751e8b465ee728b)  -> (artifact id: '1ede98ad5e11716843f61d4cf739ac3d') in 0.453938 seconds 
  Import took 0.494078 seconds .

========================================================================
Received Import Request.
  Time since last request: 0.001735 seconds.
  path: Assets/Models/Corridor/Rug_Corridor.FBX
  artifactKey: Guid(16117d52108da314aaa138a6a9144186) Importer(815301076,1909f56bfc062723c751e8b465ee728b)
Start importing Assets/Models/Corridor/Rug_Corridor.FBX using Guid(16117d52108da314aaa138a6a9144186) Importer(815301076,1909f56bfc062723c751e8b465ee728b)  -> (artifact id: '29f94836284a9bfb172d4e1702f8d7bb') in 0.436231 seconds 
  Import took 0.491362 seconds .

========================================================================
Received Import Request.
  Time since last request: 0.000313 seconds.
  path: Assets/Models/Corridor/EndPost.FBX
  artifactKey: Guid(edf38c584e65ce74790703fba4fc33e4) Importer(815301076,1909f56bfc062723c751e8b465ee728b)
Start importing Assets/Models/Corridor/EndPost.FBX using Guid(edf38c584e65ce74790703fba4fc33e4) Importer(815301076,1909f56bfc062723c751e8b465ee728b)  -> (artifact id: 'bdc96483383683fc6d4013878ae73695') in 0.415590 seconds 
  Import took 0.502220 seconds .

========================================================================
Received Import Request.
  Time since last request: 0.000958 seconds.
  path: Assets/Models/Diningroom/Rug.FBX
  artifactKey: Guid(55d6ebb03cd813f40b9a9c476b4e44af) Importer(815301076,1909f56bfc062723c751e8b465ee728b)
Start importing Assets/Models/Diningroom/Rug.FBX using Guid(55d6ebb03cd813f40b9a9c476b4e44af) Importer(815301076,1909f56bfc062723c751e8b465ee728b)  -> (artifact id: '16076eb5e5082c5901fc3c9f7a07d63d') in 0.116713 seconds 
  Import took 0.206861 seconds .

========================================================================
Received Import Request.
  Time since last request: 0.003708 seconds.
  path: Assets/Models/Corridor/Wall_Straight_02.fbx
  artifactKey: Guid(241f3dc7f2ed74d40a90ce43df5e2f23) Importer(815301076,1909f56bfc062723c751e8b465ee728b)
Start importing Assets/Models/Corridor/Wall_Straight_02.fbx using Guid(241f3dc7f2ed74d40a90ce43df5e2f23) Importer(815301076,1909f56bfc062723c751e8b465ee728b)  -> (artifact id: 'f0e1e59b2dacb1d7589f6b97cc7a6092') in 0.420162 seconds 
  Import took 0.483254 seconds .

========================================================================
Received Import Request.
  Time since last request: 0.000626 seconds.
  path: Assets/Models/Characters/Ghost.fbx
  artifactKey: Guid(563ac48ff656d49478fd93213f4c0eb8) Importer(815301076,1909f56bfc062723c751e8b465ee728b)
Start importing Assets/Models/Characters/Ghost.fbx using Guid(563ac48ff656d49478fd93213f4c0eb8) Importer(815301076,1909f56bfc062723c751e8b465ee728b)  -> (artifact id: 'c868419bafa1aa30079cb34850f3379b') in 0.580245 seconds 
  Import took 0.615784 seconds .

========================================================================
Received Import Request.
  Time since last request: 0.000546 seconds.
  path: Assets/Models/Bedroom/Bed.FBX
  artifactKey: Guid(eede23dbd9838a3408d728dbd8496a8c) Importer(815301076,1909f56bfc062723c751e8b465ee728b)
Start importing Assets/Models/Bedroom/Bed.FBX using Guid(eede23dbd9838a3408d728dbd8496a8c) Importer(815301076,1909f56bfc062723c751e8b465ee728b)  -> (artifact id: 'd6f872765388df759ae5828c93cee73f') in 0.497387 seconds 
  Import took 0.567863 seconds .

========================================================================
Received Import Request.
  Time since last request: 0.000484 seconds.
  path: Assets/Models/Corridor/PictureFrame_CatLady.FBX
  artifactKey: Guid(913d61a5ca2d96d43ba1c709260d55a7) Importer(815301076,1909f56bfc062723c751e8b465ee728b)
Start importing Assets/Models/Corridor/PictureFrame_CatLady.FBX using Guid(913d61a5ca2d96d43ba1c709260d55a7) Importer(815301076,1909f56bfc062723c751e8b465ee728b)  -> (artifact id: 'dfb0d683bd2276436695ee963b6463ad') in 0.122171 seconds 
  Import took 0.163151 seconds .

========================================================================
Received Import Request.
  Time since last request: 0.000469 seconds.
  path: Assets/Models/Diningroom/Chair_02.FBX
  artifactKey: Guid(7fbca1f8946feba469173212be97dd0a) Importer(815301076,1909f56bfc062723c751e8b465ee728b)
Start importing Assets/Models/Diningroom/Chair_02.FBX using Guid(7fbca1f8946feba469173212be97dd0a) Importer(815301076,1909f56bfc062723c751e8b465ee728b)  -> (artifact id: '2bb01b64205470ae0addd6fe26c57d86') in 0.109576 seconds 
  Import took 0.154786 seconds .

========================================================================
Received Import Request.
  Time since last request: 0.000679 seconds.
  path: Assets/Animation/Animation/Ghost@Walk.fbx
  artifactKey: Guid(2017cad317b564c409a9e5bd02341461) Importer(815301076,1909f56bfc062723c751e8b465ee728b)
Start importing Assets/Animation/Animation/Ghost@Walk.fbx using Guid(2017cad317b564c409a9e5bd02341461) Importer(815301076,1909f56bfc062723c751e8b465ee728b)  -> (artifact id: 'f0bad98392868c3d39dad455ab5f2760') in 0.217650 seconds 
  Import took 0.263984 seconds .

========================================================================
Received Import Request.
  Time since last request: 0.000433 seconds.
  path: Assets/Models/Corridor/Door.FBX
  artifactKey: Guid(4f50f81dc956a044fa3c905056d1cc4d) Importer(815301076,1909f56bfc062723c751e8b465ee728b)
Start importing Assets/Models/Corridor/Door.FBX using Guid(4f50f81dc956a044fa3c905056d1cc4d) Importer(815301076,1909f56bfc062723c751e8b465ee728b)  -> (artifact id: '82aad7741ed814bc45655b55273cdd9d') in 0.095836 seconds 
  Import took 0.134964 seconds .

========================================================================
Received Import Request.
  Time since last request: 0.000400 seconds.
  path: Assets/Models/Corridor/Wall_Straight_Exterior_01.fbx
  artifactKey: Guid(1d270d22136a7e64eabcf39aaaedb613) Importer(815301076,1909f56bfc062723c751e8b465ee728b)
Start importing Assets/Models/Corridor/Wall_Straight_Exterior_01.fbx using Guid(1d270d22136a7e64eabcf39aaaedb613) Importer(815301076,1909f56bfc062723c751e8b465ee728b)  -> (artifact id: 'ce74ac9dc6261a9b99b33242f5fd3643') in 0.166129 seconds 
  Import took 0.213565 seconds .

========================================================================
Received Import Request.
  Time since last request: 0.000894 seconds.
  path: Assets/Models/Corridor/FloorPlane.fbx
  artifactKey: Guid(79ec22444806b2e4dafc0b51ad057fa1) Importer(815301076,1909f56bfc062723c751e8b465ee728b)
Start importing Assets/Models/Corridor/FloorPlane.fbx using Guid(79ec22444806b2e4dafc0b51ad057fa1) Importer(815301076,1909f56bfc062723c751e8b465ee728b)  -> (artifact id: '5460b9081d81f0fb7861f7fde50d73d0') in 0.203476 seconds 
  Import took 0.265144 seconds .

========================================================================
Received Import Request.
  Time since last request: 0.000376 seconds.
  path: Assets/Models/Corridor/Wall_Proto.fbx
  artifactKey: Guid(b65c279af989311408555e47592fb528) Importer(815301076,1909f56bfc062723c751e8b465ee728b)
Start importing Assets/Models/Corridor/Wall_Proto.fbx using Guid(b65c279af989311408555e47592fb528) Importer(815301076,1909f56bfc062723c751e8b465ee728b)  -> (artifact id: '38c2c1d9a1f0cab07a328fe63ef7861a') in 0.100619 seconds 
  Import took 0.129927 seconds .

========================================================================
Received Import Request.
  Time since last request: 0.000270 seconds.
  path: Assets/Models/Bathroom/Sink.fbx
  artifactKey: Guid(29f8732179c306741966fcd26426f55e) Importer(815301076,1909f56bfc062723c751e8b465ee728b)
Start importing Assets/Models/Bathroom/Sink.fbx using Guid(29f8732179c306741966fcd26426f55e) Importer(815301076,1909f56bfc062723c751e8b465ee728b)  -> (artifact id: 'b8033a6e6349685f43c777fa2cd9227d') in 0.450361 seconds 
  Import took 0.494139 seconds .

========================================================================
Received Import Request.
  Time since last request: 0.000539 seconds.
  path: Assets/Models/Diningroom/Clock.FBX
  artifactKey: Guid(91811fda631823c49b536c0b67dfec68) Importer(815301076,1909f56bfc062723c751e8b465ee728b)
Start importing Assets/Models/Diningroom/Clock.FBX using Guid(91811fda631823c49b536c0b67dfec68) Importer(815301076,1909f56bfc062723c751e8b465ee728b)  -> (artifact id: 'eaf5196c433d04870336bd00cfd0bd9c') in 0.550655 seconds 
  Import took 0.576082 seconds .

========================================================================
Received Import Request.
  Time since last request: 0.000347 seconds.
  path: Assets/Animation/Animation/John@Walk.fbx
  artifactKey: Guid(da1625e6a723d1745a6ba7f6565a130f) Importer(815301076,1909f56bfc062723c751e8b465ee728b)
Start importing Assets/Animation/Animation/John@Walk.fbx using Guid(da1625e6a723d1745a6ba7f6565a130f) Importer(815301076,1909f56bfc062723c751e8b465ee728b)  -> (artifact id: 'f5a8b24aa0249b25b7d6694fab310968') in 0.101824 seconds 
  Import took 0.201331 seconds .

========================================================================
Received Import Request.
  Time since last request: 0.000637 seconds.
  path: Assets/Models/Corridor/PictureFrame_MrMan.FBX
  artifactKey: Guid(2a56ae9ef7aa4654a96f73bda9a4c2c6) Importer(815301076,1909f56bfc062723c751e8b465ee728b)
Start importing Assets/Models/Corridor/PictureFrame_MrMan.FBX using Guid(2a56ae9ef7aa4654a96f73bda9a4c2c6) Importer(815301076,1909f56bfc062723c751e8b465ee728b)  -> (artifact id: '38e64b8705cd05a5080d8974e8c3813b') in 0.189011 seconds 
  Import took 0.219143 seconds .

========================================================================
Received Import Request.
  Time since last request: 0.000673 seconds.
  path: Assets/Models/Characters/Gargoyle.fbx
  artifactKey: Guid(d3312d02a690eda48bd6807bf5c78084) Importer(815301076,1909f56bfc062723c751e8b465ee728b)
Start importing Assets/Models/Characters/Gargoyle.fbx using Guid(d3312d02a690eda48bd6807bf5c78084) Importer(815301076,1909f56bfc062723c751e8b465ee728b)  -> (artifact id: '814becc3c8b211fb1b045df6610bdd88') in 1.809133 seconds 
  Import took 1.879323 seconds .

========================================================================
Received Import Request.
  Time since last request: 0.000412 seconds.
  path: Assets/Models/Characters/JohnLemon.fbx
  artifactKey: Guid(b44f3940c4940544a8c2c6aee5fa086f) Importer(815301076,1909f56bfc062723c751e8b465ee728b)
Start importing Assets/Models/Characters/JohnLemon.fbx using Guid(b44f3940c4940544a8c2c6aee5fa086f) Importer(815301076,1909f56bfc062723c751e8b465ee728b)  -> (artifact id: '3a21998d7a9fd3c8df1b272ae894d7f0') in 0.418291 seconds 
  Import took 0.456446 seconds .

========================================================================
Received Import Request.
  Time since last request: 0.000432 seconds.
  path: Assets/Models/Corridor/Wall_Straight_01.fbx
  artifactKey: Guid(ca04dfc6bbf3c2e4a9601d58495fff52) Importer(815301076,1909f56bfc062723c751e8b465ee728b)
Start importing Assets/Models/Corridor/Wall_Straight_01.fbx using Guid(ca04dfc6bbf3c2e4a9601d58495fff52) Importer(815301076,1909f56bfc062723c751e8b465ee728b)  -> (artifact id: '8011292c684933ee23b1d9171ab3e478') in 0.147880 seconds 
  Import took 0.188616 seconds .

========================================================================
Received Import Request.
  Time since last request: 0.000592 seconds.
  path: Assets/Models/Corridor/PictureFrame_StraightThin.FBX
  artifactKey: Guid(2de78e17331d71b49bd26432f0301b13) Importer(815301076,1909f56bfc062723c751e8b465ee728b)
Start importing Assets/Models/Corridor/PictureFrame_StraightThin.FBX using Guid(2de78e17331d71b49bd26432f0301b13) Importer(815301076,1909f56bfc062723c751e8b465ee728b)  -> (artifact id: '92c22735cb76a4a60958de6ea71d59ab') in 0.082844 seconds 
  Import took 0.144461 seconds .

========================================================================
Received Import Request.
  Time since last request: 0.000636 seconds.
  path: Assets/Models/Bedroom/Bedside_Table.fbx
  artifactKey: Guid(03826036ee9ac8e4d8ca68be8431cab3) Importer(815301076,1909f56bfc062723c751e8b465ee728b)
Start importing Assets/Models/Bedroom/Bedside_Table.fbx using Guid(03826036ee9ac8e4d8ca68be8431cab3) Importer(815301076,1909f56bfc062723c751e8b465ee728b)  -> (artifact id: '6d8d2a84f2e42fbf552dce2ff068107e') in 0.500892 seconds 
  Import took 0.534300 seconds .

========================================================================
Received Import Request.
  Time since last request: 0.000326 seconds.
  path: Assets/Models/Corridor/PictureFrame_Curvy.FBX
  artifactKey: Guid(5fc70289fcf1df046a32d969758ff20c) Importer(815301076,1909f56bfc062723c751e8b465ee728b)
Start importing Assets/Models/Corridor/PictureFrame_Curvy.FBX using Guid(5fc70289fcf1df046a32d969758ff20c) Importer(815301076,1909f56bfc062723c751e8b465ee728b)  -> (artifact id: '182cab65f5d2ef0d1d9a6a2b3d314c4d') in 0.087120 seconds 
  Import took 0.120140 seconds .

========================================================================
Received Import Request.
  Time since last request: 357.546052 seconds.
  path: Assets/Textures/BathRoom/Bathtub_Albedo.tif
  artifactKey: Guid(1e33795d9bd064b43bde9b8d2040802f) Importer(815301076,1909f56bfc062723c751e8b465ee728b)
Start importing Assets/Textures/BathRoom/Bathtub_Albedo.tif using Guid(1e33795d9bd064b43bde9b8d2040802f) Importer(815301076,1909f56bfc062723c751e8b465ee728b)  -> (artifact id: 'ea23661b60a44a1c82658e417e3f37db') in 0.621477 seconds 
  Import took 0.652545 seconds .

========================================================================
Received Import Request.
  Time since last request: 0.000271 seconds.
  path: Assets/Textures/VFX/CandleFlame.tif
  artifactKey: Guid(e966fe96fc4c60f4fa9eff9e6d32ba67) Importer(815301076,1909f56bfc062723c751e8b465ee728b)
Start importing Assets/Textures/VFX/CandleFlame.tif using Guid(e966fe96fc4c60f4fa9eff9e6d32ba67) Importer(815301076,1909f56bfc062723c751e8b465ee728b)  -> (artifact id: 'b8ae894e28cf98f605bcd172724a4df2') in 0.091309 seconds 
  Import took 0.117870 seconds .

========================================================================
Received Import Request.
  Time since last request: 0.000980 seconds.
  path: Assets/Textures/BathRoom/Floor_Bathroom_Albedo.tif
  artifactKey: Guid(a8a10e9b4ea6b8846bfbf2f2f131c5c9) Importer(815301076,1909f56bfc062723c751e8b465ee728b)
Start importing Assets/Textures/BathRoom/Floor_Bathroom_Albedo.tif using Guid(a8a10e9b4ea6b8846bfbf2f2f131c5c9) Importer(815301076,1909f56bfc062723c751e8b465ee728b)  -> (artifact id: 'aa4754e96839a93e7a24a0433107bc85') in 0.143774 seconds 
  Import took 0.209285 seconds .

========================================================================
Received Import Request.
  Time since last request: 0.000884 seconds.
  path: Assets/Textures/DiningRoom/Cthulhu_Lamp_MetallicSmooth.tif
  artifactKey: Guid(3b798118871b23b448abd87d74d29af9) Importer(815301076,1909f56bfc062723c751e8b465ee728b)
Start importing Assets/Textures/DiningRoom/Cthulhu_Lamp_MetallicSmooth.tif using Guid(3b798118871b23b448abd87d74d29af9) Importer(815301076,1909f56bfc062723c751e8b465ee728b)  -> (artifact id: 'd0dfa51a37736f574d67af49e1a70f12') in 0.096903 seconds 
  Import took 0.128327 seconds .

========================================================================
Received Import Request.
  Time since last request: 0.000311 seconds.
  path: Assets/Textures/VFX/DustMote.png
  artifactKey: Guid(394e93ce356b57344903a08ff72fcab2) Importer(815301076,1909f56bfc062723c751e8b465ee728b)
Start importing Assets/Textures/VFX/DustMote.png using Guid(394e93ce356b57344903a08ff72fcab2) Importer(815301076,1909f56bfc062723c751e8b465ee728b)  -> (artifact id: '7df33db79fb1b5d6fd35cc81933feaf4') in 0.390152 seconds 
  Import took 0.411805 seconds .

========================================================================
Received Import Request.
  Time since last request: 0.000763 seconds.
  path: Assets/Textures/BathRoom/BathtubLeg_Normal.tif
  artifactKey: Guid(dd1469f195c1e5b478a8dc9f78cbd78e) Importer(815301076,1909f56bfc062723c751e8b465ee728b)
Start importing Assets/Textures/BathRoom/BathtubLeg_Normal.tif using Guid(dd1469f195c1e5b478a8dc9f78cbd78e) Importer(815301076,1909f56bfc062723c751e8b465ee728b)  -> (artifact id: '4f7ce6a3be508bb50e3669f8453314be') in 0.151685 seconds 
  Import took 0.188778 seconds .

========================================================================
Received Import Request.
  Time since last request: 0.000604 seconds.
  path: Assets/Textures/DiningRoom/Chair_Occlusion.tif
  artifactKey: Guid(25b06585b03a2d04186cd8b4f92ccc71) Importer(815301076,1909f56bfc062723c751e8b465ee728b)
Start importing Assets/Textures/DiningRoom/Chair_Occlusion.tif using Guid(25b06585b03a2d04186cd8b4f92ccc71) Importer(815301076,1909f56bfc062723c751e8b465ee728b)  -> (artifact id: '98e3053d7f0e7888244f7b2a8762d362') in 0.059309 seconds 
  Import took 0.090679 seconds .

========================================================================
Received Import Request.
  Time since last request: 0.000486 seconds.
  path: Assets/Textures/BedRoom/Bed_Albedo.tif
  artifactKey: Guid(29ce91977ba80d54ba227ab8593a8156) Importer(815301076,1909f56bfc062723c751e8b465ee728b)
Start importing Assets/Textures/BedRoom/Bed_Albedo.tif using Guid(29ce91977ba80d54ba227ab8593a8156) Importer(815301076,1909f56bfc062723c751e8b465ee728b)  -> (artifact id: 'ee27c54eb0378f0728bc22cf5b982437') in 0.124456 seconds 
  Import took 0.153534 seconds .

========================================================================
Received Import Request.
  Time since last request: 0.001041 seconds.
  path: Assets/Textures/BedRoom/BedSide_Metalness.tif
  artifactKey: Guid(123a200c482c794458cb562b92aee752) Importer(815301076,1909f56bfc062723c751e8b465ee728b)
Start importing Assets/Textures/BedRoom/BedSide_Metalness.tif using Guid(123a200c482c794458cb562b92aee752) Importer(815301076,1909f56bfc062723c751e8b465ee728b)  -> (artifact id: 'cfab6a57992e7c0c9faa2d6ee2cba628') in 0.063181 seconds 
  Import took 0.089779 seconds .

========================================================================
Received Import Request.
  Time since last request: 0.000417 seconds.
  path: Assets/Textures/DiningRoom/Fireplace_MetallicSmooth.tif
  artifactKey: Guid(f632a9c02b56d5c45befbcf4bb4176aa) Importer(815301076,1909f56bfc062723c751e8b465ee728b)
Start importing Assets/Textures/DiningRoom/Fireplace_MetallicSmooth.tif using Guid(f632a9c02b56d5c45befbcf4bb4176aa) Importer(815301076,1909f56bfc062723c751e8b465ee728b)  -> (artifact id: 'b0e48dc77257771d9cd52dfedef68674') in 0.068218 seconds 
  Import took 0.092751 seconds .

========================================================================
Received Import Request.
  Time since last request: 0.000270 seconds.
  path: Assets/Textures/DiningRoom/Cthulhu_Lamp_Normal.tif
  artifactKey: Guid(8bf179a14d694db4cacb3a54934ee81f) Importer(815301076,1909f56bfc062723c751e8b465ee728b)
Start importing Assets/Textures/DiningRoom/Cthulhu_Lamp_Normal.tif using Guid(8bf179a14d694db4cacb3a54934ee81f) Importer(815301076,1909f56bfc062723c751e8b465ee728b)  -> (artifact id: '116fe33616159375c77c57cf96608181') in 0.048699 seconds 
  Import took 0.066630 seconds .

========================================================================
Received Import Request.
  Time since last request: 0.000296 seconds.
  path: Assets/Textures/BedRoom/BedSide_Normal.tif
  artifactKey: Guid(828152cbfdbb1bb4f8f562b6302f3f25) Importer(815301076,1909f56bfc062723c751e8b465ee728b)
Start importing Assets/Textures/BedRoom/BedSide_Normal.tif using Guid(828152cbfdbb1bb4f8f562b6302f3f25) Importer(815301076,1909f56bfc062723c751e8b465ee728b)  -> (artifact id: '5f8c00e71c8eeb4f9918f3b457b5b025') in 0.029705 seconds 
  Import took 0.052969 seconds .

========================================================================
Received Import Request.
  Time since last request: 0.000461 seconds.
  path: Assets/Textures/BedRoom/BedSide_Albedo.tif
  artifactKey: Guid(b4d856ea788f6514cb8dc3c068fb48a9) Importer(815301076,1909f56bfc062723c751e8b465ee728b)
Start importing Assets/Textures/BedRoom/BedSide_Albedo.tif using Guid(b4d856ea788f6514cb8dc3c068fb48a9) Importer(815301076,1909f56bfc062723c751e8b465ee728b)  -> (artifact id: 'a99e867bcfae5a23b275fe85bf4336a2') in 0.057535 seconds 
  Import took 0.100318 seconds .

========================================================================
Received Import Request.
  Time since last request: 0.000405 seconds.
  path: Assets/Textures/Corridor/DoorPost_Albedo.tif
  artifactKey: Guid(09fbe434f49e3d14db90d6bcc8ab8383) Importer(815301076,1909f56bfc062723c751e8b465ee728b)
Start importing Assets/Textures/Corridor/DoorPost_Albedo.tif using Guid(09fbe434f49e3d14db90d6bcc8ab8383) Importer(815301076,1909f56bfc062723c751e8b465ee728b)  -> (artifact id: '14c214a734a52b19266067cc2286a625') in 0.050724 seconds 
  Import took 0.085366 seconds .

========================================================================
Received Import Request.
  Time since last request: 0.000593 seconds.
  path: Assets/Textures/DiningRoom/Chair_MetallicSmooth.tif
  artifactKey: Guid(1b213521cd84364439c5fb030fd7aa04) Importer(815301076,1909f56bfc062723c751e8b465ee728b)
Start importing Assets/Textures/DiningRoom/Chair_MetallicSmooth.tif using Guid(1b213521cd84364439c5fb030fd7aa04) Importer(815301076,1909f56bfc062723c751e8b465ee728b)  -> (artifact id: '4a6888669f907ee39c5f48c529a9252e') in 0.035230 seconds 
  Import took 0.048511 seconds .

========================================================================
Received Import Request.
  Time since last request: 0.000367 seconds.
  path: Assets/Textures/BedRoom/Bed_MetallicSmooth.tif
  artifactKey: Guid(e142a5b58f3559844b4be8596b56c53c) Importer(815301076,1909f56bfc062723c751e8b465ee728b)
Start importing Assets/Textures/BedRoom/Bed_MetallicSmooth.tif using Guid(e142a5b58f3559844b4be8596b56c53c) Importer(815301076,1909f56bfc062723c751e8b465ee728b)  -> (artifact id: 'ec1d0a031ee82fef679c42a87637c5df') in 0.032572 seconds 
  Import took 0.057234 seconds .

========================================================================
Received Import Request.
  Time since last request: 0.000769 seconds.
  path: Assets/Textures/BedRoom/Bed_Occlusion.tif
  artifactKey: Guid(060bae91606084849a8ee3fdc288af12) Importer(815301076,1909f56bfc062723c751e8b465ee728b)
Start importing Assets/Textures/BedRoom/Bed_Occlusion.tif using Guid(060bae91606084849a8ee3fdc288af12) Importer(815301076,1909f56bfc062723c751e8b465ee728b)  -> (artifact id: '98217e8f4872a49130e1359b1d0147be') in 0.075410 seconds 
  Import took 0.092064 seconds .

========================================================================
Received Import Request.
  Time since last request: 0.000272 seconds.
  path: Assets/Textures/BathRoom/Bathtub_Occlusion.tif
  artifactKey: Guid(a3b38686a7c75a54fa3dab70b08d6310) Importer(815301076,1909f56bfc062723c751e8b465ee728b)
Start importing Assets/Textures/BathRoom/Bathtub_Occlusion.tif using Guid(a3b38686a7c75a54fa3dab70b08d6310) Importer(815301076,1909f56bfc062723c751e8b465ee728b)  -> (artifact id: '23fc1340288ceb0193d2b7dd6e67ab61') in 0.060793 seconds 
  Import took 0.068037 seconds .

========================================================================
Received Import Request.
  Time since last request: 0.000282 seconds.
  path: Assets/Textures/BathRoom/BathtubLeg_MetallicSmooth.tif
  artifactKey: Guid(035b28d384a3fe44c96407179c34f574) Importer(815301076,1909f56bfc062723c751e8b465ee728b)
Start importing Assets/Textures/BathRoom/BathtubLeg_MetallicSmooth.tif using Guid(035b28d384a3fe44c96407179c34f574) Importer(815301076,1909f56bfc062723c751e8b465ee728b)  -> (artifact id: '08addad00974547e7263f751fca6423a') in 0.071010 seconds 
  Import took 0.080605 seconds .

========================================================================
Received Import Request.
  Time since last request: 0.000356 seconds.
  path: Assets/Textures/DiningRoom/Cthulhu_Lamp_Albedo.tif
  artifactKey: Guid(6c90b46487020c3469499200b000cdb8) Importer(815301076,1909f56bfc062723c751e8b465ee728b)
Start importing Assets/Textures/DiningRoom/Cthulhu_Lamp_Albedo.tif using Guid(6c90b46487020c3469499200b000cdb8) Importer(815301076,1909f56bfc062723c751e8b465ee728b)  -> (artifact id: '34bfddf0ba423d5b920ffc5889d769b6') in 0.062817 seconds 
  Import took 0.103855 seconds .

========================================================================
Received Import Request.
  Time since last request: 0.000897 seconds.
  path: Assets/Textures/DiningRoom/Fireplace_Normal.tif
  artifactKey: Guid(213c09988023fa74986a1bc0b4d38103) Importer(815301076,1909f56bfc062723c751e8b465ee728b)
Start importing Assets/Textures/DiningRoom/Fireplace_Normal.tif using Guid(213c09988023fa74986a1bc0b4d38103) Importer(815301076,1909f56bfc062723c751e8b465ee728b)  -> (artifact id: 'a320d4f854510d9e0c2f88e44604a05c') in 0.062245 seconds 
  Import took 0.107123 seconds .

========================================================================
Received Import Request.
  Time since last request: 0.000486 seconds.
  path: Assets/Textures/Corridor/DoorPost_Occlusion.tif
  artifactKey: Guid(71b186b931fdc274dbeaeb7eb4039366) Importer(815301076,1909f56bfc062723c751e8b465ee728b)
Start importing Assets/Textures/Corridor/DoorPost_Occlusion.tif using Guid(71b186b931fdc274dbeaeb7eb4039366) Importer(815301076,1909f56bfc062723c751e8b465ee728b)  -> (artifact id: 'a8ddbe02801026381d6d82d5e1fabfeb') in 0.072183 seconds 
  Import took 0.100658 seconds .

========================================================================
Received Import Request.
  Time since last request: 0.000912 seconds.
  path: Assets/Textures/DiningRoom/Fireplace_Occlusion.tif
  artifactKey: Guid(8d729759afba04b47b3d471f834893af) Importer(815301076,1909f56bfc062723c751e8b465ee728b)
Start importing Assets/Textures/DiningRoom/Fireplace_Occlusion.tif using Guid(8d729759afba04b47b3d471f834893af) Importer(815301076,1909f56bfc062723c751e8b465ee728b)  -> (artifact id: '50005ac434d433ce05f64ae6fa985abd') in 0.040474 seconds 
  Import took 0.087352 seconds .

========================================================================
Received Import Request.
  Time since last request: 0.000277 seconds.
  path: Assets/Textures/DiningRoom/CandleStick_Albedo.tif
  artifactKey: Guid(5cd10124400cb26478cd41db912ce90f) Importer(815301076,1909f56bfc062723c751e8b465ee728b)
Start importing Assets/Textures/DiningRoom/CandleStick_Albedo.tif using Guid(5cd10124400cb26478cd41db912ce90f) Importer(815301076,1909f56bfc062723c751e8b465ee728b)  -> (artifact id: 'b360d90b8b5e5e2891b7d6c2bf5b1a16') in 0.031489 seconds 
  Import took 0.058232 seconds .

========================================================================
Received Import Request.
  Time since last request: 0.000443 seconds.
  path: Assets/Textures/BathRoom/Bathtub_Normal.tif
  artifactKey: Guid(77ca587615e748e44848958159bf200d) Importer(815301076,1909f56bfc062723c751e8b465ee728b)
Start importing Assets/Textures/BathRoom/Bathtub_Normal.tif using Guid(77ca587615e748e44848958159bf200d) Importer(815301076,1909f56bfc062723c751e8b465ee728b)  -> (artifact id: '9ee6276f51a6b49f177d5c20f149195d') in 0.051447 seconds 
  Import took 0.075185 seconds .

========================================================================
Received Import Request.
  Time since last request: 0.000612 seconds.
  path: Assets/Textures/DiningRoom/Chair_Albedo.tif
  artifactKey: Guid(0508e5cdb1034b64eaf24691319937c3) Importer(815301076,1909f56bfc062723c751e8b465ee728b)
Start importing Assets/Textures/DiningRoom/Chair_Albedo.tif using Guid(0508e5cdb1034b64eaf24691319937c3) Importer(815301076,1909f56bfc062723c751e8b465ee728b)  -> (artifact id: 'e5eca3c70bb1aec10fc36eef23b8a101') in 0.034757 seconds 
  Import took 0.077548 seconds .

========================================================================
Received Import Request.
  Time since last request: 0.000275 seconds.
  path: Assets/Textures/BathRoom/BathtubLeg_Albedo.tif
  artifactKey: Guid(8b0c12b29315a7d4dbe2e5aeb92f67ca) Importer(815301076,1909f56bfc062723c751e8b465ee728b)
Start importing Assets/Textures/BathRoom/BathtubLeg_Albedo.tif using Guid(8b0c12b29315a7d4dbe2e5aeb92f67ca) Importer(815301076,1909f56bfc062723c751e8b465ee728b)  -> (artifact id: 'd19e3b1fcc5e2287e516af1033ad516c') in 0.080827 seconds 
  Import took 0.116966 seconds .

========================================================================
Received Import Request.
  Time since last request: 0.000957 seconds.
  path: Assets/Textures/Corridor/DoorPost_MetallicSmooth.tif
  artifactKey: Guid(d87c5e66b380a074fa2264fd4da58aa6) Importer(815301076,1909f56bfc062723c751e8b465ee728b)
Start importing Assets/Textures/Corridor/DoorPost_MetallicSmooth.tif using Guid(d87c5e66b380a074fa2264fd4da58aa6) Importer(815301076,1909f56bfc062723c751e8b465ee728b)  -> (artifact id: 'aee877d58f384a1509cac55bcb79eb26') in 0.060172 seconds 
  Import took 0.132843 seconds .

========================================================================
Received Import Request.
  Time since last request: 0.000949 seconds.
  path: Assets/Textures/UI/Caught.png
  artifactKey: Guid(85d46c7add1129741a0d78fadba6998e) Importer(815301076,1909f56bfc062723c751e8b465ee728b)
Start importing Assets/Textures/UI/Caught.png using Guid(85d46c7add1129741a0d78fadba6998e) Importer(815301076,1909f56bfc062723c751e8b465ee728b)  -> (artifact id: '5598ec5e3c1aa77eee78275624ac624f') in 0.175916 seconds 
  Import took 0.211663 seconds .

========================================================================
Received Import Request.
  Time since last request: 0.000770 seconds.
  path: Assets/Textures/BedRoom/Bed_Normal.tif
  artifactKey: Guid(6e2078e311db62b4fbe281f7e5ef27da) Importer(815301076,1909f56bfc062723c751e8b465ee728b)
Start importing Assets/Textures/BedRoom/Bed_Normal.tif using Guid(6e2078e311db62b4fbe281f7e5ef27da) Importer(815301076,1909f56bfc062723c751e8b465ee728b)  -> (artifact id: '16f5ff92414d33e098c4ed7608e6358f') in 0.036716 seconds 
  Import took 0.117838 seconds .

========================================================================
Received Import Request.
  Time since last request: 0.000817 seconds.
  path: Assets/Textures/BathRoom/BathtubLeg_Occlusion.tif
  artifactKey: Guid(31a2f2c86823ffa4eb5240e4fec6b4ea) Importer(815301076,1909f56bfc062723c751e8b465ee728b)
Start importing Assets/Textures/BathRoom/BathtubLeg_Occlusion.tif using Guid(31a2f2c86823ffa4eb5240e4fec6b4ea) Importer(815301076,1909f56bfc062723c751e8b465ee728b)  -> (artifact id: 'ecc2b2e51a698e8007461a46829ae102') in 0.061390 seconds 
  Import took 0.101985 seconds .

========================================================================
Received Import Request.
  Time since last request: 0.016131 seconds.
  path: Assets/Textures/DiningRoom/CandleStick_Occlusion.tif
  artifactKey: Guid(07355442582b14b44b9a74e5e67bbec6) Importer(815301076,1909f56bfc062723c751e8b465ee728b)
Start importing Assets/Textures/DiningRoom/CandleStick_Occlusion.tif using Guid(07355442582b14b44b9a74e5e67bbec6) Importer(815301076,1909f56bfc062723c751e8b465ee728b)  -> (artifact id: 'cd7704359fea576e5b1ef3604b017418') in 0.132066 seconds 
  Import took 0.155308 seconds .

========================================================================
Received Import Request.
  Time since last request: 0.000305 seconds.
  path: Assets/Textures/Characters/Ghost_RimMask.tif
  artifactKey: Guid(0460363c9d54fe24a8f22455cba27fd0) Importer(815301076,1909f56bfc062723c751e8b465ee728b)
Start importing Assets/Textures/Characters/Ghost_RimMask.tif using Guid(0460363c9d54fe24a8f22455cba27fd0) Importer(815301076,1909f56bfc062723c751e8b465ee728b)  -> (artifact id: '420be4695e51c94fcfb4d28c0c95fcbd') in 0.065286 seconds 
  Import took 0.091042 seconds .

========================================================================
Received Import Request.
  Time since last request: 0.000369 seconds.
  path: Assets/Textures/Characters/Ghost_Albedo.tif
  artifactKey: Guid(ffa3bbfb0a2a37740aec32cc4f3ed28c) Importer(815301076,1909f56bfc062723c751e8b465ee728b)
Start importing Assets/Textures/Characters/Ghost_Albedo.tif using Guid(ffa3bbfb0a2a37740aec32cc4f3ed28c) Importer(815301076,1909f56bfc062723c751e8b465ee728b)  -> (artifact id: 'd1865487b86d676ed110f246c693bea2') in 0.035549 seconds 
  Import took 0.060084 seconds .

========================================================================
Received Import Request.
  Time since last request: 0.000662 seconds.
  path: Assets/Textures/Characters/Ghost_Occlusion.tif
  artifactKey: Guid(d0a98f268b60d0441ae4e70dc8560a5c) Importer(815301076,1909f56bfc062723c751e8b465ee728b)
Start importing Assets/Textures/Characters/Ghost_Occlusion.tif using Guid(d0a98f268b60d0441ae4e70dc8560a5c) Importer(815301076,1909f56bfc062723c751e8b465ee728b)  -> (artifact id: '6d1b652f6945dd2d2704dc51ca7628ad') in 0.158169 seconds 
  Import took 0.170309 seconds .

========================================================================
Received Import Request.
  Time since last request: 0.000364 seconds.
  path: Assets/Textures/Characters/Ghost_Emissive.tif
  artifactKey: Guid(be14171909e301d4c8c926d395216a01) Importer(815301076,1909f56bfc062723c751e8b465ee728b)
Start importing Assets/Textures/Characters/Ghost_Emissive.tif using Guid(be14171909e301d4c8c926d395216a01) Importer(815301076,1909f56bfc062723c751e8b465ee728b)  -> (artifact id: 'd218b0d951f53f807e832a423287c4e9') in 0.049276 seconds 
  Import took 0.129668 seconds .

========================================================================
Received Import Request.
  Time since last request: 0.000413 seconds.
  path: Assets/Textures/Characters/Ghost_Normal.tif
  artifactKey: Guid(b2bf2fce6ac5acf41b89f5759488edae) Importer(815301076,1909f56bfc062723c751e8b465ee728b)
Start importing Assets/Textures/Characters/Ghost_Normal.tif using Guid(b2bf2fce6ac5acf41b89f5759488edae) Importer(815301076,1909f56bfc062723c751e8b465ee728b)  -> (artifact id: 'd4e0fc19ea7afbd3612422e89b928625') in 0.080225 seconds 
  Import took 0.119535 seconds .

========================================================================
Received Import Request.
  Time since last request: 0.000633 seconds.
  path: Assets/Textures/DiningRoom/Cthulhu_Lamp_Occlusion.tif
  artifactKey: Guid(3fc488c9331779b4cb4179823da675a3) Importer(815301076,1909f56bfc062723c751e8b465ee728b)
Start importing Assets/Textures/DiningRoom/Cthulhu_Lamp_Occlusion.tif using Guid(3fc488c9331779b4cb4179823da675a3) Importer(815301076,1909f56bfc062723c751e8b465ee728b)  -> (artifact id: '3a66cb991fb49d87b38ecbd252150b1c') in 0.052832 seconds 
  Import took 0.131741 seconds .

========================================================================
Received Import Request.
  Time since last request: 0.002699 seconds.
  path: Assets/Textures/DiningRoom/CandleStick_Normal.tif
  artifactKey: Guid(45ab703b0a5a43c4698f496148039fab) Importer(815301076,1909f56bfc062723c751e8b465ee728b)
Start importing Assets/Textures/DiningRoom/CandleStick_Normal.tif using Guid(45ab703b0a5a43c4698f496148039fab) Importer(815301076,1909f56bfc062723c751e8b465ee728b)  -> (artifact id: '43e0a4376468547c0a09fd933766491a') in 0.147394 seconds 
  Import took 0.171851 seconds .

========================================================================
Received Import Request.
  Time since last request: 0.000305 seconds.
  path: Assets/Textures/DiningRoom/Clock_Normal.tif
  artifactKey: Guid(faaba07ca4daae24f88790e6c5e1e109) Importer(815301076,1909f56bfc062723c751e8b465ee728b)
Start importing Assets/Textures/DiningRoom/Clock_Normal.tif using Guid(faaba07ca4daae24f88790e6c5e1e109) Importer(815301076,1909f56bfc062723c751e8b465ee728b)  -> (artifact id: 'b1f222000ba8dff2b46bca30f87a7810') in 0.079122 seconds 
  Import took 0.132004 seconds .

========================================================================
Received Import Request.
  Time since last request: 0.000366 seconds.
  path: Assets/Textures/DiningRoom/Clock_Albedo.tif
  artifactKey: Guid(efe1f09805965e647a2bec8250b72349) Importer(815301076,1909f56bfc062723c751e8b465ee728b)
Start importing Assets/Textures/DiningRoom/Clock_Albedo.tif using Guid(efe1f09805965e647a2bec8250b72349) Importer(815301076,1909f56bfc062723c751e8b465ee728b)  -> (artifact id: 'ccb2c6b377a3f38b62f2e93ab6be192f') in 0.069891 seconds 
  Import took 0.083874 seconds .

========================================================================
Received Import Request.
  Time since last request: 0.000305 seconds.
  path: Assets/Textures/DiningRoom/Chair_Normals.tif
  artifactKey: Guid(610c98ad363f4f94da068b2f4f743cb2) Importer(815301076,1909f56bfc062723c751e8b465ee728b)
Start importing Assets/Textures/DiningRoom/Chair_Normals.tif using Guid(610c98ad363f4f94da068b2f4f743cb2) Importer(815301076,1909f56bfc062723c751e8b465ee728b)  -> (artifact id: '9d9e4749f159679e45c9d92fd74f471d') in 0.058979 seconds 
  Import took 0.103901 seconds .

========================================================================
Received Import Request.
  Time since last request: 0.000485 seconds.
  path: Assets/Textures/DiningRoom/Fireplace_Albedo.tif
  artifactKey: Guid(cba74aeb906dde146ae03b6b66e6ab46) Importer(815301076,1909f56bfc062723c751e8b465ee728b)
Start importing Assets/Textures/DiningRoom/Fireplace_Albedo.tif using Guid(cba74aeb906dde146ae03b6b66e6ab46) Importer(815301076,1909f56bfc062723c751e8b465ee728b)  -> (artifact id: 'a2724024c8cbf3bd8ba46f1b8a89cdad') in 0.049929 seconds 
  Import took 0.074213 seconds .

========================================================================
Received Import Request.
  Time since last request: 0.000319 seconds.
  path: Assets/Textures/DiningRoom/Clock_MetallicSmooth.tif
  artifactKey: Guid(18814287f2e3240419c37dd2a9abf1c4) Importer(815301076,1909f56bfc062723c751e8b465ee728b)
Start importing Assets/Textures/DiningRoom/Clock_MetallicSmooth.tif using Guid(18814287f2e3240419c37dd2a9abf1c4) Importer(815301076,1909f56bfc062723c751e8b465ee728b)  -> (artifact id: '5a0042418aaece33fb6f13f1f435b21c') in 0.054680 seconds 
  Import took 0.076734 seconds .

========================================================================
Received Import Request.
  Time since last request: 0.000364 seconds.
  path: Assets/Textures/DiningRoom/CandleStick_MetallicSmooth.tif
  artifactKey: Guid(772872ff7081e284fa81ffd5909bf963) Importer(815301076,1909f56bfc062723c751e8b465ee728b)
Start importing Assets/Textures/DiningRoom/CandleStick_MetallicSmooth.tif using Guid(772872ff7081e284fa81ffd5909bf963) Importer(815301076,1909f56bfc062723c751e8b465ee728b)  -> (artifact id: '96c90663f39f1bdbc5048a1a713500c3') in 0.110012 seconds 
  Import took 0.119918 seconds .

========================================================================
Received Import Request.
  Time since last request: 0.000360 seconds.
  path: Assets/Textures/DiningRoom/Clock_Occlusion.tif
  artifactKey: Guid(d47ff02a1774eaa4595a12e60aff2199) Importer(815301076,1909f56bfc062723c751e8b465ee728b)
Start importing Assets/Textures/DiningRoom/Clock_Occlusion.tif using Guid(d47ff02a1774eaa4595a12e60aff2199) Importer(815301076,1909f56bfc062723c751e8b465ee728b)  -> (artifact id: '7bfdbf6c373c0d4630e1605eff19dd81') in 0.095781 seconds 
  Import took 0.149978 seconds .

========================================================================
Received Import Request.
  Time since last request: 0.000934 seconds.
  path: Assets/Gizmos/Cinemachine/cm_logo_lg.png
  artifactKey: Guid(d0ceea9f3e3fc1d4e8656992705ebec1) Importer(815301076,1909f56bfc062723c751e8b465ee728b)
Start importing Assets/Gizmos/Cinemachine/cm_logo_lg.png using Guid(d0ceea9f3e3fc1d4e8656992705ebec1) Importer(815301076,1909f56bfc062723c751e8b465ee728b)  -> (artifact id: 'e9c247ebd8e2875d4909343ac3814ce3') in 0.045413 seconds 
  Import took 0.089280 seconds .

========================================================================
Received Import Request.
  Time since last request: 0.000456 seconds.
  path: Assets/Textures/BathRoom/Bathtub_MetallicSmooth.tif
  artifactKey: Guid(d4766011bebe0f94f8852e78e1f2fadf) Importer(815301076,1909f56bfc062723c751e8b465ee728b)
Start importing Assets/Textures/BathRoom/Bathtub_MetallicSmooth.tif using Guid(d4766011bebe0f94f8852e78e1f2fadf) Importer(815301076,1909f56bfc062723c751e8b465ee728b)  -> (artifact id: '208d1bbec2be6626ab657e2a2ed479e8') in 0.072531 seconds 
  Import took 0.088286 seconds .

========================================================================
Received Import Request.
  Time since last request: 0.000253 seconds.
  path: Assets/Textures/Corridor/DoorPost_Normal.tif
  artifactKey: Guid(a2d1d6cc4343c544394bbc5abd74dff9) Importer(815301076,1909f56bfc062723c751e8b465ee728b)
Start importing Assets/Textures/Corridor/DoorPost_Normal.tif using Guid(a2d1d6cc4343c544394bbc5abd74dff9) Importer(815301076,1909f56bfc062723c751e8b465ee728b)  -> (artifact id: '1b91f9c0dbadd384dd822e16eaf56ee0') in 0.066498 seconds 
  Import took 0.092604 seconds .

========================================================================
Received Import Request.
  Time since last request: 0.000765 seconds.
  path: Assets/Textures/BedRoom/BedSide_Occlusion.tif
  artifactKey: Guid(6fece7bb55bcfd54c9ea204b2b93753a) Importer(815301076,1909f56bfc062723c751e8b465ee728b)
Start importing Assets/Textures/BedRoom/BedSide_Occlusion.tif using Guid(6fece7bb55bcfd54c9ea204b2b93753a) Importer(815301076,1909f56bfc062723c751e8b465ee728b)  -> (artifact id: '709f4fc5a18dfab19e4ab68d89ed580e') in 0.060626 seconds 
  Import took 0.081872 seconds .

========================================================================
Received Import Request.
  Time since last request: 688.024740 seconds.
  path: Assets/Shaders/Ghost Shader.shadergraph
  artifactKey: Guid(725e1f2bea8bac64793881fe5b5ef15f) Importer(815301076,1909f56bfc062723c751e8b465ee728b)
Start importing Assets/Shaders/Ghost Shader.shadergraph using Guid(725e1f2bea8bac64793881fe5b5ef15f) Importer(815301076,1909f56bfc062723c751e8b465ee728b)  -> (artifact id: 'cccdcc92e3d8fc1980ecf86649b5895c') in 0.047327 seconds 
  Import took 0.067783 seconds .

========================================================================
Received Import Request.
  Time since last request: 155.315345 seconds.
  path: Assets/Shaders/New Shader Sub Graph.shadersubgraph
  artifactKey: Guid(0faee8d64f78f5146ba3bc20657d8173) Importer(815301076,1909f56bfc062723c751e8b465ee728b)
Start importing Assets/Shaders/New Shader Sub Graph.shadersubgraph using Guid(0faee8d64f78f5146ba3bc20657d8173) Importer(815301076,1909f56bfc062723c751e8b465ee728b)  -> (artifact id: '5671f4e09cbdc627f9719eccd8413478') in 0.051420 seconds 
  Import took 0.129639 seconds .

========================================================================
Received Import Request.
  Time since last request: 81.966177 seconds.
  path: Assets/Shaders/ColorRampSubGraph.shadersubgraph
  artifactKey: Guid(0faee8d64f78f5146ba3bc20657d8173) Importer(815301076,1909f56bfc062723c751e8b465ee728b)
Start importing Assets/Shaders/ColorRampSubGraph.shadersubgraph using Guid(0faee8d64f78f5146ba3bc20657d8173) Importer(815301076,1909f56bfc062723c751e8b465ee728b)  -> (artifact id: 'f0e7995da56d5970d45d970318613366') in 0.012864 seconds 
  Import took 0.050545 seconds .

========================================================================
Received Import Request.
  Time since last request: 1167.114439 seconds.
  path: Assets/Shaders/ColorRampSubGraph.shadersubgraph
  artifactKey: Guid(0faee8d64f78f5146ba3bc20657d8173) Importer(815301076,1909f56bfc062723c751e8b465ee728b)
Start importing Assets/Shaders/ColorRampSubGraph.shadersubgraph using Guid(0faee8d64f78f5146ba3bc20657d8173) Importer(815301076,1909f56bfc062723c751e8b465ee728b)  -> (artifact id: '8556404b195e66de5d9f02c7b1fa3b6d') in 0.044624 seconds 
  Import took 0.075694 seconds .

========================================================================
Received Import Request.
  Time since last request: 1254.943066 seconds.
  path: Assets/Shaders/ColorLerpSubGraph.shadersubgraph
  artifactKey: Guid(3e8d2302fb65546428d361616fd8f873) Importer(815301076,1909f56bfc062723c751e8b465ee728b)
Start importing Assets/Shaders/ColorLerpSubGraph.shadersubgraph using Guid(3e8d2302fb65546428d361616fd8f873) Importer(815301076,1909f56bfc062723c751e8b465ee728b)  -> (artifact id: 'd9c67fb601d6a3c62d8312937445fce5') in 0.059210 seconds 
  Import took 0.167170 seconds .

========================================================================
Received Import Request.
  Time since last request: 1378.570037 seconds.
  path: Assets/Shaders/ColorLerpSubGraph.shadersubgraph
  artifactKey: Guid(3e8d2302fb65546428d361616fd8f873) Importer(815301076,1909f56bfc062723c751e8b465ee728b)
Start importing Assets/Shaders/ColorLerpSubGraph.shadersubgraph using Guid(3e8d2302fb65546428d361616fd8f873) Importer(815301076,1909f56bfc062723c751e8b465ee728b)  -> (artifact id: '0494e7092d13c699806a5a54c6426bb2') in 0.040197 seconds 
  Import took 0.089402 seconds .

========================================================================
Received Import Request.
  Time since last request: 312.861654 seconds.
  path: Assets/Shaders/ColorLerpSubGraph.shadersubgraph
  artifactKey: Guid(3e8d2302fb65546428d361616fd8f873) Importer(815301076,1909f56bfc062723c751e8b465ee728b)
Start importing Assets/Shaders/ColorLerpSubGraph.shadersubgraph using Guid(3e8d2302fb65546428d361616fd8f873) Importer(815301076,1909f56bfc062723c751e8b465ee728b)  -> (artifact id: 'd71527d9bcff4054c9335b97a7f13100') in 0.007734 seconds 
  Import took 0.040894 seconds .

========================================================================
Received Import Request.
  Time since last request: 7052.525619 seconds.
  path: Assets/Shaders/FresnelMultiplySubGraph.shadersubgraph
  artifactKey: Guid(f103fb545fe3c5b4cbf1193c0dfd7c6b) Importer(815301076,1909f56bfc062723c751e8b465ee728b)
Start importing Assets/Shaders/FresnelMultiplySubGraph.shadersubgraph using Guid(f103fb545fe3c5b4cbf1193c0dfd7c6b) Importer(815301076,1909f56bfc062723c751e8b465ee728b)  -> (artifact id: '2177b949367890b99ba36d50845f1abb') in 0.211239 seconds 
  Import took 0.381030 seconds .

========================================================================
Received Import Request.
  Time since last request: 201.535280 seconds.
  path: Assets/Shaders/FresnelMultiplySubGraph.shadersubgraph
  artifactKey: Guid(f103fb545fe3c5b4cbf1193c0dfd7c6b) Importer(815301076,1909f56bfc062723c751e8b465ee728b)
Start importing Assets/Shaders/FresnelMultiplySubGraph.shadersubgraph using Guid(f103fb545fe3c5b4cbf1193c0dfd7c6b) Importer(815301076,1909f56bfc062723c751e8b465ee728b)  -> (artifact id: 'b2894fb281107bd5ba0068c28dfeb71e') in 0.009683 seconds 
  Import took 0.051574 seconds .

========================================================================
Received Import Request.
  Time since last request: 77.716875 seconds.
  path: Assets/Shaders/FresnelMultiplySubGraph.shadersubgraph
  artifactKey: Guid(f103fb545fe3c5b4cbf1193c0dfd7c6b) Importer(815301076,1909f56bfc062723c751e8b465ee728b)
Start importing Assets/Shaders/FresnelMultiplySubGraph.shadersubgraph using Guid(f103fb545fe3c5b4cbf1193c0dfd7c6b) Importer(815301076,1909f56bfc062723c751e8b465ee728b)  -> (artifact id: 'd57495356c41fb148ceaf962e5cba69f') in 0.032099 seconds 
  Import took 0.067070 seconds .

========================================================================
Received Import Request.
  Time since last request: 1310.557146 seconds.
  path: Assets/Shaders/Ghost Shader.shadergraph
  artifactKey: Guid(725e1f2bea8bac64793881fe5b5ef15f) Importer(815301076,1909f56bfc062723c751e8b465ee728b)
Start importing Assets/Shaders/Ghost Shader.shadergraph using Guid(725e1f2bea8bac64793881fe5b5ef15f) Importer(815301076,1909f56bfc062723c751e8b465ee728b)  -> (artifact id: '127391d88927a18810454c6dd1df7109') in 0.119049 seconds 
  Import took 0.223573 seconds .

========================================================================
Received Import Request.
  Time since last request: 509.611299 seconds.
  path: Assets/Textures/VFX
  artifactKey: Guid(ded4653f7af6c5c48b2e5b26bc1d3382) Importer(815301076,1909f56bfc062723c751e8b465ee728b)
Start importing Assets/Textures/VFX using Guid(ded4653f7af6c5c48b2e5b26bc1d3382) Importer(815301076,1909f56bfc062723c751e8b465ee728b)  -> (artifact id: '312bbedbafa85d1ab2a70b70bd6907e7') in 0.212084 seconds 
  Import took 0.304196 seconds .

========================================================================
Received Import Request.
  Time since last request: 0.055092 seconds.
  path: Assets/Textures/VFX/perlinNoise.png
  artifactKey: Guid(1ea576fbbfaeef64ca6136d38ccca74e) Importer(815301076,1909f56bfc062723c751e8b465ee728b)
Start importing Assets/Textures/VFX/perlinNoise.png using Guid(1ea576fbbfaeef64ca6136d38ccca74e) Importer(815301076,1909f56bfc062723c751e8b465ee728b)  -> (artifact id: '1cd4293932cb599637cf9d5ba56fd639') in 2.080932 seconds 
  Import took 2.118915 seconds .

========================================================================
Received Import Request.
  Time since last request: 0.000562 seconds.
  path: Assets/Textures/VFX/SplatNormal.tif
  artifactKey: Guid(0660389cc5a6f4947997407fb6945fa1) Importer(815301076,1909f56bfc062723c751e8b465ee728b)
Start importing Assets/Textures/VFX/SplatNormal.tif using Guid(0660389cc5a6f4947997407fb6945fa1) Importer(815301076,1909f56bfc062723c751e8b465ee728b)  -> (artifact id: '7279039737a112fb1de237d935bc8c67') in 1.219771 seconds 
  Import took 1.322414 seconds .

========================================================================
Received Import Request.
  Time since last request: 0.000998 seconds.
  path: Assets/Textures/VFX/Splash04Normal.tif
  artifactKey: Guid(73e81e5a6e5b6874582e6c6d405d7491) Importer(815301076,1909f56bfc062723c751e8b465ee728b)
Start importing Assets/Textures/VFX/Splash04Normal.tif using Guid(73e81e5a6e5b6874582e6c6d405d7491) Importer(815301076,1909f56bfc062723c751e8b465ee728b)  -> (artifact id: 'a30f6b96a0e779badb8d37cfd4123b04') in 0.829794 seconds 
  Import took 0.964646 seconds .

========================================================================
Received Import Request.
  Time since last request: 0.000335 seconds.
  path: Assets/Textures/VFX/ToonRampTint.png
  artifactKey: Guid(81629b706369fc1429f23a6399cdef01) Importer(815301076,1909f56bfc062723c751e8b465ee728b)
Start importing Assets/Textures/VFX/ToonRampTint.png using Guid(81629b706369fc1429f23a6399cdef01) Importer(815301076,1909f56bfc062723c751e8b465ee728b)  -> (artifact id: '1f653f20a14bd629d042906cc557fae7') in 0.646242 seconds 
  Import took 0.776069 seconds .

========================================================================
Received Import Request.
  Time since last request: 0.000922 seconds.
  path: Assets/Textures/VFX/SphereAlbedo.tif
  artifactKey: Guid(feebd9fe3a61f384286140f9201d038d) Importer(815301076,1909f56bfc062723c751e8b465ee728b)
Start importing Assets/Textures/VFX/SphereAlbedo.tif using Guid(feebd9fe3a61f384286140f9201d038d) Importer(815301076,1909f56bfc062723c751e8b465ee728b)  -> (artifact id: '10140907d3d0281e497b595b5b70912f') in 0.870826 seconds 
  Import took 0.965820 seconds .

========================================================================
Received Import Request.
  Time since last request: 0.000996 seconds.
  path: Assets/Textures/VFX/ToonRampTint4.png
  artifactKey: Guid(faa6985ef413994478c9d37d68e21fe9) Importer(815301076,1909f56bfc062723c751e8b465ee728b)
Start importing Assets/Textures/VFX/ToonRampTint4.png using Guid(faa6985ef413994478c9d37d68e21fe9) Importer(815301076,1909f56bfc062723c751e8b465ee728b)  -> (artifact id: '15e010004a9350bb1fdcefb38c0743cd') in 0.387482 seconds 
  Import took 0.513359 seconds .

========================================================================
Received Import Request.
  Time since last request: 0.000925 seconds.
  path: Assets/Textures/VFX/Splash04Albedo.tif
  artifactKey: Guid(0153ce75dcbf4624d93f11ff5b9882bd) Importer(815301076,1909f56bfc062723c751e8b465ee728b)
Start importing Assets/Textures/VFX/Splash04Albedo.tif using Guid(0153ce75dcbf4624d93f11ff5b9882bd) Importer(815301076,1909f56bfc062723c751e8b465ee728b)  -> (artifact id: 'f8ea6db560aa8cbdda52b19c158f5eca') in 0.460492 seconds 
  Import took 0.607394 seconds .

========================================================================
Received Import Request.
  Time since last request: 0.000913 seconds.
  path: Assets/Textures/VFX/ToonRampTint3.png
  artifactKey: Guid(168056ae1bacc2f4bb7ae2884953be86) Importer(815301076,1909f56bfc062723c751e8b465ee728b)
Start importing Assets/Textures/VFX/ToonRampTint3.png using Guid(168056ae1bacc2f4bb7ae2884953be86) Importer(815301076,1909f56bfc062723c751e8b465ee728b)  -> (artifact id: 'f961d10c761623c2efadc57576f3d985') in 0.327034 seconds 
  Import took 0.441502 seconds .

========================================================================
Received Import Request.
  Time since last request: 4.134015 seconds.
  path: Assets/Textures/VFX/5894ea6ddb18c846e5d319587a0d156c.jpg
  artifactKey: Guid(d63cc2be02701e1489665c266d2d6bca) Importer(815301076,1909f56bfc062723c751e8b465ee728b)
Start importing Assets/Textures/VFX/5894ea6ddb18c846e5d319587a0d156c.jpg using Guid(d63cc2be02701e1489665c266d2d6bca) Importer(815301076,1909f56bfc062723c751e8b465ee728b)  -> (artifact id: 'cce7ccbe03a098cd77e5e80dd77fbecb') in 0.383481 seconds 
  Import took 0.481171 seconds .

========================================================================
Received Import Request.
  Time since last request: 0.000450 seconds.
  path: Assets/Textures/VFX/test light.tif
  artifactKey: Guid(a883414da9be470488ae90f8b6e24623) Importer(815301076,1909f56bfc062723c751e8b465ee728b)
Start importing Assets/Textures/VFX/test light.tif using Guid(a883414da9be470488ae90f8b6e24623) Importer(815301076,1909f56bfc062723c751e8b465ee728b)  -> (artifact id: '335ca80e3f3cdd950227ceec378b58b2') in 0.365105 seconds 
  Import took 0.447843 seconds .

========================================================================
Received Import Request.
  Time since last request: 6.693815 seconds.
  path: Assets/Textures/VFX/ToonRampTint2.png
  artifactKey: Guid(b2b6e5a6dd88f2b448687da6bfaab0ea) Importer(815301076,1909f56bfc062723c751e8b465ee728b)
Start importing Assets/Textures/VFX/ToonRampTint2.png using Guid(b2b6e5a6dd88f2b448687da6bfaab0ea) Importer(815301076,1909f56bfc062723c751e8b465ee728b)  -> (artifact id: 'aecb0258f50703ed9a0ffb68f60f91af') in 0.229446 seconds 
  Import took 0.297802 seconds .

========================================================================
Received Import Request.
  Time since last request: 0.000474 seconds.
  path: Assets/Textures/VFX/wispySmoke.tif
  artifactKey: Guid(b96c69e599825d84e985962673d1679c) Importer(815301076,1909f56bfc062723c751e8b465ee728b)
Start importing Assets/Textures/VFX/wispySmoke.tif using Guid(b96c69e599825d84e985962673d1679c) Importer(815301076,1909f56bfc062723c751e8b465ee728b)  -> (artifact id: 'f6e5dd144a94f60918431484c7f61cf6') in 0.338113 seconds 
  Import took 0.353723 seconds .

========================================================================
Received Import Request.
  Time since last request: 966.476034 seconds.
  path: Assets/Shaders/Electrique Texture Sub Graph.shadersubgraph
  artifactKey: Guid(8d9aff885ff3f144f984787ac170a258) Importer(815301076,1909f56bfc062723c751e8b465ee728b)
Start importing Assets/Shaders/Electrique Texture Sub Graph.shadersubgraph using Guid(8d9aff885ff3f144f984787ac170a258) Importer(815301076,1909f56bfc062723c751e8b465ee728b)  -> (artifact id: 'be0ebcfb86a5e88344d10dd8d973a5ee') in 0.225624 seconds 
  Import took 0.331936 seconds .

========================================================================
Received Import Request.
  Time since last request: 124.935700 seconds.
  path: Assets/Shaders/Electrique Texture Sub Graph.shadersubgraph
  artifactKey: Guid(8d9aff885ff3f144f984787ac170a258) Importer(815301076,1909f56bfc062723c751e8b465ee728b)
Start importing Assets/Shaders/Electrique Texture Sub Graph.shadersubgraph using Guid(8d9aff885ff3f144f984787ac170a258) Importer(815301076,1909f56bfc062723c751e8b465ee728b)  -> (artifact id: '84710d2f138c035be3012835681602c0') in 0.163403 seconds 
  Import took 0.250531 seconds .

========================================================================
Received Import Request.
  Time since last request: 140.749264 seconds.
  path: Assets/Shaders/Electrique Texture Sub Graph.shadersubgraph
  artifactKey: Guid(8d9aff885ff3f144f984787ac170a258) Importer(815301076,1909f56bfc062723c751e8b465ee728b)
Start importing Assets/Shaders/Electrique Texture Sub Graph.shadersubgraph using Guid(8d9aff885ff3f144f984787ac170a258) Importer(815301076,1909f56bfc062723c751e8b465ee728b)  -> (artifact id: '9b61294238504ead1cbd5cd7c1f21812') in 0.110704 seconds 
  Import took 0.148236 seconds .

========================================================================
Received Import Request.
  Time since last request: 210.273855 seconds.
  path: Assets/Textures/VFX/5894ea6ddb18c846e5d319587a0d156c.jpg
  artifactKey: Guid(d63cc2be02701e1489665c266d2d6bca) Importer(815301076,1909f56bfc062723c751e8b465ee728b)
Start importing Assets/Textures/VFX/5894ea6ddb18c846e5d319587a0d156c.jpg using Guid(d63cc2be02701e1489665c266d2d6bca) Importer(815301076,1909f56bfc062723c751e8b465ee728b)  -> (artifact id: '4ce1108480732f50999878a0c3426f50') in 2.051347 seconds 
  Import took 2.142549 seconds .

========================================================================
Received Import Request.
  Time since last request: 0.413591 seconds.
  path: Assets/Textures/Corridor/Light_Emissive.tif
  artifactKey: Guid(f50ecdc1b08817e489a2944858f87688) Importer(815301076,1909f56bfc062723c751e8b465ee728b)
Start importing Assets/Textures/Corridor/Light_Emissive.tif using Guid(f50ecdc1b08817e489a2944858f87688) Importer(815301076,1909f56bfc062723c751e8b465ee728b)  -> (artifact id: 'c87336494cc3533c220bf8361e8048b0') in 0.540235 seconds 
  Import took 0.665942 seconds .

